  [4;36;1mSQL (0.8ms)[0m   [0;1m SELECT name
 FROM sqlite_master
 WHERE type = 'table' AND NOT name = 'sqlite_sequence'
[0m
  [4;35;1mSQL (0.2ms)[0m   [0mselect sqlite_version(*)[0m
  [4;36;1mSQL (1.1ms)[0m   [0;1mCREATE TABLE "schema_migrations" ("version" varchar(255) NOT NULL) [0m
  [4;35;1mSQL (1.0ms)[0m   [0mCREATE UNIQUE INDEX "unique_schema_migrations" ON "schema_migrations" ("version")[0m
  [4;36;1mSQL (0.1ms)[0m   [0;1m SELECT name
 FROM sqlite_master
 WHERE type = 'table' AND NOT name = 'sqlite_sequence'
[0m
  [4;35;1mSQL (0.1ms)[0m   [0mSELECT version FROM schema_migrations[0m
Migrating to CreateUsers (20090417182702)
  [4;36;1mSQL (0.5ms)[0m   [0;1mCREATE TABLE "users" ("id" INTEGER PRIMARY KEY AUTOINCREMENT NOT NULL, "fb_uid" integer NOT NULL, "accomplishments_count" integer DEFAULT 0 NOT NULL, "created_at" datetime, "updated_at" datetime) [0m
  [4;35;1mSQL (15.7ms)[0m   [0mCREATE UNIQUE INDEX "index_users_on_fb_uid" ON "users" ("fb_uid")[0m
  [4;36;1mSQL (0.3ms)[0m   [0;1mINSERT INTO schema_migrations (version) VALUES ('20090417182702')[0m
Migrating to CreateAccomplishments (20090417182906)
  [4;35;1mSQL (0.4ms)[0m   [0mCREATE TABLE "accomplishments" ("user_id" integer NOT NULL, "post_number" integer NOT NULL, "created_at" datetime, "updated_at" datetime) [0m
  [4;36;1mSQL (0.4ms)[0m   [0;1mCREATE UNIQUE INDEX "index_accomplishments_on_user_id_and_post_number" ON "accomplishments" ("user_id", "post_number")[0m
  [4;35;1mSQL (0.1ms)[0m   [0mINSERT INTO schema_migrations (version) VALUES ('20090417182906')[0m
  [4;36;1mSQL (0.3ms)[0m   [0;1m SELECT name
 FROM sqlite_master
 WHERE type = 'table' AND NOT name = 'sqlite_sequence'
[0m
  [4;35;1mSQL (0.1ms)[0m   [0mSELECT version FROM schema_migrations[0m
  [4;36;1mSQL (0.2ms)[0m   [0;1m SELECT name
 FROM sqlite_master
 WHERE type = 'table' AND NOT name = 'sqlite_sequence'
[0m
  [4;35;1mSQL (0.1ms)[0m   [0mPRAGMA index_list("accomplishments")[0m
  [4;36;1mSQL (0.1ms)[0m   [0;1mPRAGMA index_info('index_accomplishments_on_user_id_and_post_number')[0m
  [4;35;1mSQL (0.1ms)[0m   [0mPRAGMA index_list("users")[0m
  [4;36;1mSQL (0.1ms)[0m   [0;1mPRAGMA index_info('index_users_on_fb_uid')[0m


Processing LandingController#index (for ::1 at 2009-04-17 23:22:18) [GET]
Rendering template within layouts/landing
Rendering landing/index
Completed in 9ms (View: 7, DB: 0) | 200 OK [http://localhost/]


Processing LandingController#index (for ::1 at 2009-04-17 23:24:47) [GET]
Rendering template within layouts/landing
Rendering landing/index
Completed in 5ms (View: 4, DB: 0) | 200 OK [http://localhost/]


Processing LandingController#index (for ::1 at 2009-04-17 23:29:52) [GET]
Rendering template within layouts/landing
Rendering landing/index
Completed in 4ms (View: 3, DB: 0) | 200 OK [http://localhost/]


Processing LandingController#index (for ::1 at 2009-04-30 07:38:43) [GET]
Rendering template within layouts/landing
Rendering landing/index
Completed in 9ms (View: 7, DB: 0) | 200 OK [http://localhost/]


Processing LandingController#index (for ::1 at 2009-04-30 07:40:11) [GET]
Rendering template within layouts/landing
Rendering landing/index
Completed in 6ms (View: 5, DB: 0) | 200 OK [http://localhost/]


Processing LandingController#index (for ::1 at 2009-04-30 07:40:44) [GET]
Rendering template within layouts/landing
Rendering landing/index
Completed in 2ms (View: 1, DB: 0) | 200 OK [http://localhost/]


Processing LandingController#index (for ::1 at 2009-04-30 07:40:45) [GET]
Rendering template within layouts/landing
Rendering landing/index
Completed in 2ms (View: 1, DB: 0) | 200 OK [http://localhost/]


Processing LandingController#index (for ::1 at 2009-04-30 07:40:55) [GET]
Rendering template within layouts/landing
Rendering landing/index
Completed in 4ms (View: 3, DB: 0) | 200 OK [http://localhost/]


Processing LandingController#index (for ::1 at 2009-04-30 07:40:56) [GET]
Rendering template within layouts/landing
Rendering landing/index
Completed in 2ms (View: 1, DB: 0) | 200 OK [http://localhost/]


Processing LandingController#index (for ::1 at 2009-04-30 07:40:57) [GET]
Rendering template within layouts/landing
Rendering landing/index
Completed in 2ms (View: 1, DB: 0) | 200 OK [http://localhost/]


Processing LandingController#index (for ::1 at 2009-04-30 07:41:10) [GET]
Completed in 2ms (View: 1, DB: 0) | 200 OK [http://localhost/]


Processing LandingController#index (for ::1 at 2009-04-30 07:41:19) [GET]
Rendering template within layouts/landing
Rendering landing/index
Completed in 4ms (View: 3, DB: 0) | 200 OK [http://localhost/]


Processing LandingController#index (for ::1 at 2009-04-30 07:41:33) [GET]
Rendering template within layouts/landing
Rendering landing/index
Completed in 8ms (View: 7, DB: 0) | 200 OK [http://localhost/]


Processing LandingController#index (for ::1 at 2009-04-30 07:41:50) [GET]
Rendering template within layouts/landing
Rendering landing/index
Completed in 4ms (View: 3, DB: 0) | 200 OK [http://localhost/]


Processing LandingController#index (for ::1 at 2009-04-30 07:42:30) [GET]
Rendering template within layouts/landing
Rendering landing/index
Completed in 7ms (View: 5, DB: 0) | 200 OK [http://localhost/]


Processing LandingController#index (for ::1 at 2009-04-30 07:44:18) [GET]
Rendering template within layouts/landing
Rendering landing/index

ActionView::TemplateError (/Users/matthuhiggins/code/stuffwhitepeopledid/app/models/post.rb:41: syntax error, unexpected tIDENTIFIER, expecting ')'
    new(86, "Shorts", "2008/03/11/86-shorts"),
       ^
/Users/matthuhiggins/code/stuffwhitepeopledid/app/models/post.rb:41: syntax error, unexpected ',', expecting kEND
/Users/matthuhiggins/code/stuffwhitepeopledid/app/models/post.rb:42: syntax error, unexpected ',', expecting kEND
/Users/matthuhiggins/code/stuffwhitepeopledid/app/models/post.rb:43: syntax error, unexpected ',', expecting kEND
/Users/matthuhiggins/code/stuffwhitepeopledid/app/models/post.rb:44: syntax error, unexpected ',', expecting kEND
/Users/matthuhiggins/code/stuffwhitepeopledid/app/models/post.rb:45: syntax error, unexpected ',', expecting kEND
/Users/matthuhiggins/code/stuffwhitepeopledid/app/models/post.rb:46: syntax error, unexpected ',', expecting kEND
/Users/matthuhiggins/code/stuffwhitepeopledid/app/models/post.rb:47: syntax error, unexpected ',', expecting kEND
/Users/matthuhiggins/code/stuffwhitepeopledid/app/models/post.rb:48: syntax error, unexpected ',', expecting kEND
/Users/matthuhiggins/code/stuffwhitepeopledid/app/models/post.rb:49: syntax error, unexpected ',', expecting kEND
/Users/matthuhiggins/code/stuffwhitepeopledid/app/models/post.rb:50: syntax error, unexpected ',', expecting kEND
/Users/matthuhiggins/code/stuffwhitepeopledid/app/models/post.rb:51: syntax error, unexpected ',', expecting kEND
/Users/matthuhiggins/code/stuffwhitepeopledid/app/models/post.rb:52: syntax error, unexpected ',', expecting kEND
/Users/matthuhiggins/code/stuffwhitepeopledid/app/models/post.rb:53: syntax error, unexpected ',', expecting kEND
/Users/matthuhiggins/code/stuffwhitepeopledid/app/models/post.rb:54: syntax error, unexpected ',', expecting kEND
/Users/matthuhiggins/code/stuffwhitepeopledid/app/models/post.rb:55: syntax error, unexpected ',', expecting kEND
/Users/matthuhiggins/code/stuffwhitepeopledid/app/models/post.rb:56: syntax error, unexpected ',', expecting kEND
/Users/matthuhiggins/code/stuffwhitepeopledid/app/models/post.rb:57: syntax error, unexpected ',', expecting kEND
/Users/matthuhiggins/code/stuffwhitepeopledid/app/models/post.rb:58: syntax error, unexpected ',', expecting kEND
/Users/matthuhiggins/code/stuffwhitepeopledid/app/models/post.rb:59: syntax error, unexpected ',', expecting kEND
/Users/matthuhiggins/code/stuffwhitepeopledid/app/models/post.rb:60: syntax error, unexpected ',', expecting kEND
/Users/matthuhiggins/code/stuffwhitepeopledid/app/models/post.rb:61: syntax error, unexpected ',', expecting kEND
/Users/matthuhiggins/code/stuffwhitepeopledid/app/models/post.rb:62: syntax error, unexpected ',', expecting kEND
/Users/matthuhiggins/code/stuffwhitepeopledid/app/models/post.rb:63: syntax error, unexpected ',', expecting kEND
/Users/matthuhiggins/code/stuffwhitepeopledid/app/models/post.rb:64: syntax error, unexpected ',', expecting kEND
/Users/matthuhiggins/code/stuffwhitepeopledid/app/models/post.rb:65: syntax error, unexpected ',', expecting kEND
/Users/matthuhiggins/code/stuffwhitepeopledid/app/models/post.rb:66: syntax error, unexpected ',', expecting kEND
/Users/matthuhiggins/code/stuffwhitepeopledid/app/models/post.rb:67: syntax error, unexpected ',', expecting kEND
/Users/matthuhiggins/code/stuffwhitepeopledid/app/models/post.rb:68: syntax error, unexpected ',', expecting kEND
/Users/matthuhiggins/code/stuffwhitepeopledid/app/models/post.rb:69: syntax error, unexpected ',', expecting kEND
/Users/matthuhiggins/code/stuffwhitepeopledid/app/models/post.rb:70: syntax error, unexpected ',', expecting kEND
/Users/matthuhiggins/code/stuffwhitepeopledid/app/models/post.rb:71: syntax error, unexpected ',', expecting kEND
/Users/matthuhiggins/code/stuffwhitepeopledid/app/models/post.rb:72: syntax error, unexpected ',', expecting kEND
/Users/matthuhiggins/code/stuffwhitepeopledid/app/models/post.rb:73: syntax error, unexpected ',', expecting kEND
/Users/matthuhiggins/code/stuffwhitepeopledid/app/models/post.rb:74: syntax error, unexpected ',', expecting kEND
/Users/matthuhiggins/code/stuffwhitepeopledid/app/models/post.rb:75: syntax error, unexpected ',', expecting kEND
/Users/matthuhiggins/code/stuffwhitepeopledid/app/models/post.rb:76: syntax error, unexpected ',', expecting kEND
/Users/matthuhiggins/code/stuffwhitepeopledid/app/models/post.rb:77: syntax error, unexpected ',', expecting kEND
/Users/matthuhiggins/code/stuffwhitepeopledid/app/models/post.rb:78: syntax error, unexpected ',', expecting kEND
/Users/matthuhiggins/code/stuffwhitepeopledid/app/models/post.rb:79: syntax error, unexpected ',', expecting kEND
/Users/matthuhiggins/code/stuffwhitepeopledid/app/models/post.rb:80: syntax error, unexpected ',', expecting kEND
/Users/matthuhiggins/code/stuffwhitepeopledid/app/models/post.rb:81: syntax error, unexpected ',', expecting kEND
/Users/matthuhiggins/code/stuffwhitepeopledid/app/models/post.rb:82: syntax error, unexpected ',', expecting kEND
/Users/matthuhiggins/code/stuffwhitepeopledid/app/models/post.rb:83: syntax error, unexpected ',', expecting kEND
/Users/matthuhiggins/code/stuffwhitepeopledid/app/models/post.rb:84: syntax error, unexpected ',', expecting kEND
/Users/matthuhiggins/code/stuffwhitepeopledid/app/models/post.rb:85: syntax error, unexpected ',', expecting kEND
/Users/matthuhiggins/code/stuffwhitepeopledid/app/models/post.rb:86: syntax error, unexpected ',', expecting kEND
/Users/matthuhiggins/code/stuffwhitepeopledid/app/models/post.rb:87: syntax error, unexpected ',', expecting kEND
/Users/matthuhiggins/code/stuffwhitepeopledid/app/models/post.rb:88: syntax error, unexpected ',', expecting kEND
/Users/matthuhiggins/code/stuffwhitepeopledid/app/models/post.rb:89: syntax error, unexpected ',', expecting kEND
/Users/matthuhiggins/code/stuffwhitepeopledid/app/models/post.rb:90: syntax error, unexpected ',', expecting kEND
/Users/matthuhiggins/code/stuffwhitepeopledid/app/models/post.rb:91: syntax error, unexpected ',', expecting kEND
/Users/matthuhiggins/code/stuffwhitepeopledid/app/models/post.rb:92: syntax error, unexpected ',', expecting kEND
/Users/matthuhiggins/code/stuffwhitepeopledid/app/models/post.rb:93: syntax error, unexpected ',', expecting kEND
/Users/matthuhiggins/code/stuffwhitepeopledid/app/models/post.rb:94: syntax error, unexpected ',', expecting kEND
/Users/matthuhiggins/code/stuffwhitepeopledid/app/models/post.rb:95: syntax error, unexpected ',', expecting kEND
/Users/matthuhiggins/code/stuffwhitepeopledid/app/models/post.rb:96: syntax error, unexpected ',', expecting kEND
/Users/matthuhiggins/code/stuffwhitepeopledid/app/models/post.rb:97: syntax error, unexpected ',', expecting kEND
/Users/matthuhiggins/code/stuffwhitepeopledid/app/models/post.rb:98: syntax error, unexpected ',', expecting kEND
/Users/matthuhiggins/code/stuffwhitepeopledid/app/models/post.rb:99: syntax error, unexpected ',', expecting kEND
/Users/matthuhiggins/code/stuffwhitepeopledid/app/models/post.rb:100: syntax error, unexpected ',', expecting kEND
/Users/matthuhiggins/code/stuffwhitepeopledid/app/models/post.rb:101: syntax error, unexpected ',', expecting kEND
/Users/matthuhiggins/code/stuffwhitepeopledid/app/models/post.rb:102: syntax error, unexpected ',', expecting kEND
/Users/matthuhiggins/code/stuffwhitepeopledid/app/models/post.rb:103: syntax error, unexpected ',', expecting kEND
/Users/matthuhiggins/code/stuffwhitepeopledid/app/models/post.rb:104: syntax error, unexpected ',', expecting kEND
/Users/matthuhiggins/code/stuffwhitepeopledid/app/models/post.rb:105: syntax error, unexpected ',', expecting kEND
/Users/matthuhiggins/code/stuffwhitepeopledid/app/models/post.rb:106: syntax error, unexpected ',', expecting kEND
/Users/matthuhiggins/code/stuffwhitepeopledid/app/models/post.rb:107: syntax error, unexpected ',', expecting kEND
/Users/matthuhiggins/code/stuffwhitepeopledid/app/models/post.rb:108: syntax error, unexpected ',', expecting kEND
/Users/matthuhiggins/code/stuffwhitepeopledid/app/models/post.rb:109: syntax error, unexpected ',', expecting kEND
/Users/matthuhiggins/code/stuffwhitepeopledid/app/models/post.rb:110: syntax error, unexpected ',', expecting kEND
/Users/matthuhiggins/code/stuffwhitepeopledid/app/models/post.rb:111: syntax error, unexpected ',', expecting kEND
/Users/matthuhiggins/code/stuffwhitepeopledid/app/models/post.rb:112: syntax error, unexpected ',', expecting kEND
/Users/matthuhiggins/code/stuffwhitepeopledid/app/models/post.rb:113: syntax error, unexpected ',', expecting kEND
/Users/matthuhiggins/code/stuffwhitepeopledid/app/models/post.rb:114: syntax error, unexpected ',', expecting kEND
/Users/matthuhiggins/code/stuffwhitepeopledid/app/models/post.rb:115: syntax error, unexpected ',', expecting kEND
/Users/matthuhiggins/code/stuffwhitepeopledid/app/models/post.rb:116: syntax error, unexpected ',', expecting kEND
/Users/matthuhiggins/code/stuffwhitepeopledid/app/models/post.rb:117: syntax error, unexpected ',', expecting kEND
...1/20/11-wes-anderson-movies"),,
                              ^
/Users/matthuhiggins/code/stuffwhitepeopledid/app/models/post.rb:118: syntax error, unexpected ',', expecting kEND
/Users/matthuhiggins/code/stuffwhitepeopledid/app/models/post.rb:119: syntax error, unexpected ',', expecting kEND
/Users/matthuhiggins/code/stuffwhitepeopledid/app/models/post.rb:120: syntax error, unexpected ',', expecting kEND
/Users/matthuhiggins/code/stuffwhitepeopledid/app/models/post.rb:121: syntax error, unexpected ',', expecting kEND
/Users/matthuhiggins/code/stuffwhitepeopledid/app/models/post.rb:122: syntax error, unexpected ',', expecting kEND
/Users/matthuhiggins/code/stuffwhitepeopledid/app/models/post.rb:123: syntax error, unexpected ',', expecting kEND
/Users/matthuhiggins/code/stuffwhitepeopledid/app/models/post.rb:124: syntax error, unexpected ',', expecting kEND
/Users/matthuhiggins/code/stuffwhitepeopledid/app/models/post.rb:125: syntax error, unexpected ',', expecting kEND
/Users/matthuhiggins/code/stuffwhitepeopledid/app/models/post.rb:127: syntax error, unexpected ']', expecting kEND) on line #10 of app/views/layouts/landing.html.erb:
7:   </div>
8:   
9:   <ul>
10:     <% Post.all.each do |article| %>
11:       <li><%= article.title %></li>
12:     <% end %>
13:   </ul>

    app/views/layouts/landing.html.erb:10
    /opt/local/lib/ruby/1.8/webrick/httpserver.rb:104:in `service'
    /opt/local/lib/ruby/1.8/webrick/httpserver.rb:65:in `run'
    /opt/local/lib/ruby/1.8/webrick/server.rb:173:in `start_thread'
    /opt/local/lib/ruby/1.8/webrick/server.rb:162:in `start'
    /opt/local/lib/ruby/1.8/webrick/server.rb:162:in `start_thread'
    /opt/local/lib/ruby/1.8/webrick/server.rb:95:in `start'
    /opt/local/lib/ruby/1.8/webrick/server.rb:92:in `each'
    /opt/local/lib/ruby/1.8/webrick/server.rb:92:in `start'
    /opt/local/lib/ruby/1.8/webrick/server.rb:23:in `start'
    /opt/local/lib/ruby/1.8/webrick/server.rb:82:in `start'

Rendered rescues/_trace (48.3ms)
Rendered rescues/_request_and_response (1.4ms)
Rendering rescues/layout (internal_server_error)


Processing LandingController#index (for ::1 at 2009-04-30 07:44:34) [GET]
Rendering template within layouts/landing
Rendering landing/index

ActionView::TemplateError (/Users/matthuhiggins/code/stuffwhitepeopledid/app/models/post.rb:117: syntax error, unexpected ',', expecting ']'
/Users/matthuhiggins/code/stuffwhitepeopledid/app/models/post.rb:118: syntax error, unexpected ',', expecting kEND
/Users/matthuhiggins/code/stuffwhitepeopledid/app/models/post.rb:119: syntax error, unexpected ',', expecting kEND
/Users/matthuhiggins/code/stuffwhitepeopledid/app/models/post.rb:120: syntax error, unexpected ',', expecting kEND
/Users/matthuhiggins/code/stuffwhitepeopledid/app/models/post.rb:121: syntax error, unexpected ',', expecting kEND
/Users/matthuhiggins/code/stuffwhitepeopledid/app/models/post.rb:122: syntax error, unexpected ',', expecting kEND
/Users/matthuhiggins/code/stuffwhitepeopledid/app/models/post.rb:123: syntax error, unexpected ',', expecting kEND
/Users/matthuhiggins/code/stuffwhitepeopledid/app/models/post.rb:124: syntax error, unexpected ',', expecting kEND
/Users/matthuhiggins/code/stuffwhitepeopledid/app/models/post.rb:125: syntax error, unexpected ',', expecting kEND
/Users/matthuhiggins/code/stuffwhitepeopledid/app/models/post.rb:127: syntax error, unexpected ']', expecting kEND) on line #10 of app/views/layouts/landing.html.erb:
7:   </div>
8:   
9:   <ul>
10:     <% Post.all.each do |article| %>
11:       <li><%= article.title %></li>
12:     <% end %>
13:   </ul>

    app/views/layouts/landing.html.erb:10
    /opt/local/lib/ruby/1.8/webrick/httpserver.rb:104:in `service'
    /opt/local/lib/ruby/1.8/webrick/httpserver.rb:65:in `run'
    /opt/local/lib/ruby/1.8/webrick/server.rb:173:in `start_thread'
    /opt/local/lib/ruby/1.8/webrick/server.rb:162:in `start'
    /opt/local/lib/ruby/1.8/webrick/server.rb:162:in `start_thread'
    /opt/local/lib/ruby/1.8/webrick/server.rb:95:in `start'
    /opt/local/lib/ruby/1.8/webrick/server.rb:92:in `each'
    /opt/local/lib/ruby/1.8/webrick/server.rb:92:in `start'
    /opt/local/lib/ruby/1.8/webrick/server.rb:23:in `start'
    /opt/local/lib/ruby/1.8/webrick/server.rb:82:in `start'

Rendered rescues/_trace (43.3ms)
Rendered rescues/_request_and_response (0.2ms)
Rendering rescues/layout (internal_server_error)


Processing LandingController#index (for ::1 at 2009-04-30 07:45:17) [GET]
Rendering template within layouts/landing
Rendering landing/index
Completed in 5ms (View: 3, DB: 0) | 200 OK [http://localhost/]


Processing LandingController#index (for ::1 at 2009-04-30 07:45:36) [GET]
Rendering template within layouts/landing
Rendering landing/index
Completed in 8ms (View: 7, DB: 0) | 200 OK [http://localhost/]


Processing ApplicationController#index (for ::1 at 2009-04-30 07:45:38) [GET]

ActionController::RoutingError (No route matches "/2008/01/21/14-having-black-friends" with {:method=>:get}):
  /opt/local/lib/ruby/1.8/webrick/httpserver.rb:104:in `service'
  /opt/local/lib/ruby/1.8/webrick/httpserver.rb:65:in `run'
  /opt/local/lib/ruby/1.8/webrick/server.rb:173:in `start_thread'
  /opt/local/lib/ruby/1.8/webrick/server.rb:162:in `start'
  /opt/local/lib/ruby/1.8/webrick/server.rb:162:in `start_thread'
  /opt/local/lib/ruby/1.8/webrick/server.rb:95:in `start'
  /opt/local/lib/ruby/1.8/webrick/server.rb:92:in `each'
  /opt/local/lib/ruby/1.8/webrick/server.rb:92:in `start'
  /opt/local/lib/ruby/1.8/webrick/server.rb:23:in `start'
  /opt/local/lib/ruby/1.8/webrick/server.rb:82:in `start'

Rendering rescues/layout (not_found)


Processing LandingController#index (for ::1 at 2009-04-30 07:45:40) [GET]
Rendering template within layouts/landing
Rendering landing/index
Completed in 6ms (View: 4, DB: 0) | 200 OK [http://localhost/]


Processing LandingController#index (for ::1 at 2009-04-30 07:46:36) [GET]
Rendering template within layouts/landing
Rendering landing/index
Completed in 8ms (View: 7, DB: 0) | 200 OK [http://localhost/]


Processing LandingController#index (for ::1 at 2009-04-30 07:47:15) [GET]
Rendering template within layouts/landing
Rendering landing/index
Completed in 6ms (View: 4, DB: 0) | 200 OK [http://localhost/]


Processing LandingController#index (for ::1 at 2009-04-30 07:47:27) [GET]
Rendering template within layouts/landing
Rendering landing/index
Completed in 8ms (View: 7, DB: 0) | 200 OK [http://localhost/]


Processing LandingController#index (for ::1 at 2009-04-30 07:47:32) [GET]
Rendering template within layouts/landing
Rendering landing/index
Completed in 6ms (View: 5, DB: 0) | 200 OK [http://localhost/]


Processing LandingController#index (for ::1 at 2009-04-30 07:50:48) [GET]
Rendering template within layouts/landing
Rendering landing/index
Completed in 6ms (View: 5, DB: 0) | 200 OK [http://localhost/]
  [1m[36mSQL (0.7ms)[0m  [1m SELECT name
 FROM sqlite_master
 WHERE type = 'table' AND NOT name = 'sqlite_sequence'
[0m
  [1m[35mSQL (0.3ms)[0m  select sqlite_version(*)
  [1m[36mSQL (3.5ms)[0m  [1mCREATE TABLE "schema_migrations" ("version" varchar(255) NOT NULL) [0m
  [1m[35mSQL (2.2ms)[0m  CREATE UNIQUE INDEX "unique_schema_migrations" ON "schema_migrations" ("version")
  [1m[36mSQL (0.3ms)[0m  [1m SELECT name
 FROM sqlite_master
 WHERE type = 'table' AND NOT name = 'sqlite_sequence'
[0m
  [1m[35mSQL (0.4ms)[0m   SELECT name
 FROM sqlite_master
 WHERE type = 'table' AND NOT name = 'sqlite_sequence'
  [1m[36mSQL (0.2ms)[0m  [1mSELECT "schema_migrations"."version" FROM "schema_migrations"[0m
Migrating to CreateUsers (20090417182702)
  [1m[35mSQL (0.8ms)[0m  CREATE TABLE "users" ("id" INTEGER PRIMARY KEY AUTOINCREMENT NOT NULL, "fb_uid" integer NOT NULL, "accomplishments_count" integer DEFAULT 0 NOT NULL, "created_at" datetime, "updated_at" datetime) 
  [1m[36mSQL (0.7ms)[0m  [1mCREATE UNIQUE INDEX "index_users_on_fb_uid" ON "users" ("fb_uid")[0m
  [1m[35mSQL (0.3ms)[0m  INSERT INTO "schema_migrations" ("version") VALUES ('20090417182702')
Migrating to CreateAccomplishments (20090417182906)
  [1m[36mSQL (0.7ms)[0m  [1mCREATE TABLE "accomplishments" ("id" INTEGER PRIMARY KEY AUTOINCREMENT NOT NULL, "user_id" integer NOT NULL, "post_number" integer NOT NULL, "created_at" datetime, "updated_at" datetime) [0m
  [1m[35mSQL (0.6ms)[0m  CREATE UNIQUE INDEX "index_accomplishments_on_user_id_and_post_number" ON "accomplishments" ("user_id", "post_number")
  [1m[36mSQL (0.2ms)[0m  [1mCREATE INDEX "index_accomplishments_on_post_number" ON "accomplishments" ("post_number")[0m
  [1m[35mSQL (0.2ms)[0m  INSERT INTO "schema_migrations" ("version") VALUES ('20090417182906')
  [1m[36mSQL (0.5ms)[0m  [1m SELECT name
 FROM sqlite_master
 WHERE type = 'table' AND NOT name = 'sqlite_sequence'
[0m
  [1m[35mSQL (0.3ms)[0m  SELECT "schema_migrations"."version" FROM "schema_migrations"
  [1m[36mSQL (0.3ms)[0m  [1m SELECT name
 FROM sqlite_master
 WHERE type = 'table' AND NOT name = 'sqlite_sequence'
[0m
  [1m[35mSQL (0.3ms)[0m  PRAGMA index_list("accomplishments")
  [1m[36mSQL (0.2ms)[0m  [1mPRAGMA index_info('index_accomplishments_on_post_number')[0m
  [1m[35mSQL (0.2ms)[0m  PRAGMA index_info('index_accomplishments_on_user_id_and_post_number')
  [1m[36mSQL (0.2ms)[0m  [1mPRAGMA index_list("users")[0m
  [1m[35mSQL (0.2ms)[0m  PRAGMA index_info('index_users_on_fb_uid')
  [1m[36mSQL (1.2ms)[0m  [1m SELECT name
 FROM sqlite_master
 WHERE type = 'table' AND NOT name = 'sqlite_sequence'
[0m
  [1m[35mSQL (0.4ms)[0m   SELECT name
 FROM sqlite_master
 WHERE type = 'table' AND NOT name = 'sqlite_sequence'
  [1m[36mSQL (0.3ms)[0m  [1mSELECT "schema_migrations"."version" FROM "schema_migrations"[0m
  [1m[35mSQL (0.2ms)[0m  select sqlite_version(*)
  [1m[36mSQL (0.4ms)[0m  [1m SELECT name
 FROM sqlite_master
 WHERE type = 'table' AND NOT name = 'sqlite_sequence'
[0m
  [1m[35mSQL (2.6ms)[0m  CREATE TABLE "accomplishments" ("id" INTEGER PRIMARY KEY AUTOINCREMENT NOT NULL, "user_id" integer NOT NULL, "post_number" integer NOT NULL, "created_at" datetime, "updated_at" datetime) 
  [1m[36mSQL (2.0ms)[0m  [1mCREATE INDEX "index_accomplishments_on_post_number" ON "accomplishments" ("post_number")[0m
  [1m[35mSQL (2.0ms)[0m  CREATE UNIQUE INDEX "index_accomplishments_on_user_id_and_post_number" ON "accomplishments" ("user_id", "post_number")
  [1m[36mSQL (0.3ms)[0m  [1m SELECT name
 FROM sqlite_master
 WHERE type = 'table' AND NOT name = 'sqlite_sequence'
[0m
  [1m[35mSQL (2.3ms)[0m  CREATE TABLE "users" ("id" INTEGER PRIMARY KEY AUTOINCREMENT NOT NULL, "fb_uid" integer NOT NULL, "accomplishments_count" integer DEFAULT 0 NOT NULL, "created_at" datetime, "updated_at" datetime) 
  [1m[36mSQL (2.1ms)[0m  [1mCREATE UNIQUE INDEX "index_users_on_fb_uid" ON "users" ("fb_uid")[0m
  [1m[35mSQL (0.4ms)[0m   SELECT name
 FROM sqlite_master
 WHERE type = 'table' AND NOT name = 'sqlite_sequence'
  [1m[36mSQL (2.4ms)[0m  [1mCREATE TABLE "schema_migrations" ("version" varchar(255) NOT NULL) [0m
  [1m[35mSQL (2.1ms)[0m  CREATE UNIQUE INDEX "unique_schema_migrations" ON "schema_migrations" ("version")
  [1m[36mSQL (0.4ms)[0m  [1m SELECT name
 FROM sqlite_master
 WHERE type = 'table' AND NOT name = 'sqlite_sequence'
[0m
  [1m[35mSQL (0.2ms)[0m  SELECT version FROM "schema_migrations"
  [1m[36mSQL (2.1ms)[0m  [1mINSERT INTO "schema_migrations" (version) VALUES ('20090417182906')[0m
  [1m[35mSQL (2.1ms)[0m  INSERT INTO "schema_migrations" (version) VALUES ('20090417182702')
  [1m[36mSQL (1.2ms)[0m  [1m SELECT name
 FROM sqlite_master
 WHERE type = 'table' AND NOT name = 'sqlite_sequence'
[0m
  [1m[35mSQL (0.4ms)[0m   SELECT name
 FROM sqlite_master
 WHERE type = 'table' AND NOT name = 'sqlite_sequence'
  [1m[36mSQL (0.3ms)[0m  [1mSELECT "schema_migrations"."version" FROM "schema_migrations"[0m
  [1m[35mSQL (0.3ms)[0m  select sqlite_version(*)
  [1m[36mSQL (0.4ms)[0m  [1m SELECT name
 FROM sqlite_master
 WHERE type = 'table' AND NOT name = 'sqlite_sequence'
[0m
  [1m[35mSQL (3.3ms)[0m  CREATE TABLE "accomplishments" ("id" INTEGER PRIMARY KEY AUTOINCREMENT NOT NULL, "user_id" integer NOT NULL, "post_number" integer NOT NULL, "created_at" datetime, "updated_at" datetime) 
  [1m[36mSQL (2.1ms)[0m  [1mCREATE INDEX "index_accomplishments_on_post_number" ON "accomplishments" ("post_number")[0m
  [1m[35mSQL (2.5ms)[0m  CREATE UNIQUE INDEX "index_accomplishments_on_user_id_and_post_number" ON "accomplishments" ("user_id", "post_number")
  [1m[36mSQL (0.4ms)[0m  [1m SELECT name
 FROM sqlite_master
 WHERE type = 'table' AND NOT name = 'sqlite_sequence'
[0m
  [1m[35mSQL (2.4ms)[0m  CREATE TABLE "users" ("id" INTEGER PRIMARY KEY AUTOINCREMENT NOT NULL, "fb_uid" integer NOT NULL, "accomplishments_count" integer DEFAULT 0 NOT NULL, "created_at" datetime, "updated_at" datetime) 
  [1m[36mSQL (2.1ms)[0m  [1mCREATE UNIQUE INDEX "index_users_on_fb_uid" ON "users" ("fb_uid")[0m
  [1m[35mSQL (0.4ms)[0m   SELECT name
 FROM sqlite_master
 WHERE type = 'table' AND NOT name = 'sqlite_sequence'
  [1m[36mSQL (2.5ms)[0m  [1mCREATE TABLE "schema_migrations" ("version" varchar(255) NOT NULL) [0m
  [1m[35mSQL (2.4ms)[0m  CREATE UNIQUE INDEX "unique_schema_migrations" ON "schema_migrations" ("version")
  [1m[36mSQL (0.4ms)[0m  [1m SELECT name
 FROM sqlite_master
 WHERE type = 'table' AND NOT name = 'sqlite_sequence'
[0m
  [1m[35mSQL (0.2ms)[0m  SELECT version FROM "schema_migrations"
  [1m[36mSQL (2.2ms)[0m  [1mINSERT INTO "schema_migrations" (version) VALUES ('20090417182906')[0m
  [1m[35mSQL (2.8ms)[0m  INSERT INTO "schema_migrations" (version) VALUES ('20090417182702')
  [1m[36mSQL (1.2ms)[0m  [1m SELECT name
 FROM sqlite_master
 WHERE type = 'table' AND NOT name = 'sqlite_sequence'
[0m
  [1m[35mSQL (0.5ms)[0m   SELECT name
 FROM sqlite_master
 WHERE type = 'table' AND NOT name = 'sqlite_sequence'
  [1m[36mSQL (0.3ms)[0m  [1mSELECT "schema_migrations"."version" FROM "schema_migrations"[0m
  [1m[35mSQL (0.3ms)[0m  select sqlite_version(*)
  [1m[36mSQL (0.4ms)[0m  [1m SELECT name
 FROM sqlite_master
 WHERE type = 'table' AND NOT name = 'sqlite_sequence'
[0m
  [1m[35mSQL (3.4ms)[0m  CREATE TABLE "accomplishments" ("id" INTEGER PRIMARY KEY AUTOINCREMENT NOT NULL, "user_id" integer NOT NULL, "post_number" integer NOT NULL, "created_at" datetime, "updated_at" datetime) 
  [1m[36mSQL (2.4ms)[0m  [1mCREATE INDEX "index_accomplishments_on_post_number" ON "accomplishments" ("post_number")[0m
  [1m[35mSQL (2.4ms)[0m  CREATE UNIQUE INDEX "index_accomplishments_on_user_id_and_post_number" ON "accomplishments" ("user_id", "post_number")
  [1m[36mSQL (0.4ms)[0m  [1m SELECT name
 FROM sqlite_master
 WHERE type = 'table' AND NOT name = 'sqlite_sequence'
[0m
  [1m[35mSQL (2.3ms)[0m  CREATE TABLE "users" ("id" INTEGER PRIMARY KEY AUTOINCREMENT NOT NULL, "fb_uid" integer NOT NULL, "accomplishments_count" integer DEFAULT 0 NOT NULL, "created_at" datetime, "updated_at" datetime) 
  [1m[36mSQL (2.1ms)[0m  [1mCREATE UNIQUE INDEX "index_users_on_fb_uid" ON "users" ("fb_uid")[0m
  [1m[35mSQL (0.4ms)[0m   SELECT name
 FROM sqlite_master
 WHERE type = 'table' AND NOT name = 'sqlite_sequence'
  [1m[36mSQL (2.5ms)[0m  [1mCREATE TABLE "schema_migrations" ("version" varchar(255) NOT NULL) [0m
  [1m[35mSQL (2.2ms)[0m  CREATE UNIQUE INDEX "unique_schema_migrations" ON "schema_migrations" ("version")
  [1m[36mSQL (0.4ms)[0m  [1m SELECT name
 FROM sqlite_master
 WHERE type = 'table' AND NOT name = 'sqlite_sequence'
[0m
  [1m[35mSQL (0.2ms)[0m  SELECT version FROM "schema_migrations"
  [1m[36mSQL (2.2ms)[0m  [1mINSERT INTO "schema_migrations" (version) VALUES ('20090417182906')[0m
  [1m[35mSQL (2.4ms)[0m  INSERT INTO "schema_migrations" (version) VALUES ('20090417182702')
  [1m[36mSQL (1.2ms)[0m  [1m SELECT name
 FROM sqlite_master
 WHERE type = 'table' AND NOT name = 'sqlite_sequence'
[0m
  [1m[35mSQL (0.4ms)[0m   SELECT name
 FROM sqlite_master
 WHERE type = 'table' AND NOT name = 'sqlite_sequence'
  [1m[36mSQL (0.3ms)[0m  [1mSELECT "schema_migrations"."version" FROM "schema_migrations"[0m
  [1m[35mSQL (0.3ms)[0m  select sqlite_version(*)
  [1m[36mSQL (0.4ms)[0m  [1m SELECT name
 FROM sqlite_master
 WHERE type = 'table' AND NOT name = 'sqlite_sequence'
[0m
  [1m[35mSQL (3.7ms)[0m  CREATE TABLE "accomplishments" ("id" INTEGER PRIMARY KEY AUTOINCREMENT NOT NULL, "user_id" integer NOT NULL, "post_number" integer NOT NULL, "created_at" datetime, "updated_at" datetime) 
  [1m[36mSQL (1.9ms)[0m  [1mCREATE INDEX "index_accomplishments_on_post_number" ON "accomplishments" ("post_number")[0m
  [1m[35mSQL (2.1ms)[0m  CREATE UNIQUE INDEX "index_accomplishments_on_user_id_and_post_number" ON "accomplishments" ("user_id", "post_number")
  [1m[36mSQL (0.4ms)[0m  [1m SELECT name
 FROM sqlite_master
 WHERE type = 'table' AND NOT name = 'sqlite_sequence'
[0m
  [1m[35mSQL (2.3ms)[0m  CREATE TABLE "users" ("id" INTEGER PRIMARY KEY AUTOINCREMENT NOT NULL, "fb_uid" integer NOT NULL, "accomplishments_count" integer DEFAULT 0 NOT NULL, "created_at" datetime, "updated_at" datetime) 
  [1m[36mSQL (2.2ms)[0m  [1mCREATE UNIQUE INDEX "index_users_on_fb_uid" ON "users" ("fb_uid")[0m
  [1m[35mSQL (0.4ms)[0m   SELECT name
 FROM sqlite_master
 WHERE type = 'table' AND NOT name = 'sqlite_sequence'
  [1m[36mSQL (2.3ms)[0m  [1mCREATE TABLE "schema_migrations" ("version" varchar(255) NOT NULL) [0m
  [1m[35mSQL (2.1ms)[0m  CREATE UNIQUE INDEX "unique_schema_migrations" ON "schema_migrations" ("version")
  [1m[36mSQL (0.4ms)[0m  [1m SELECT name
 FROM sqlite_master
 WHERE type = 'table' AND NOT name = 'sqlite_sequence'
[0m
  [1m[35mSQL (0.2ms)[0m  SELECT version FROM "schema_migrations"
  [1m[36mSQL (2.4ms)[0m  [1mINSERT INTO "schema_migrations" (version) VALUES ('20090417182906')[0m
  [1m[35mSQL (2.3ms)[0m  INSERT INTO "schema_migrations" (version) VALUES ('20090417182702')
